<?xml version="1.0" encoding="UTF-8"?>
<testsuite failures="0" skip="0" tests="1" name="Run" errors="0">
<testcase classname="Run.Demo" name="ORDER MAGIC MOUSE" time="28">
</testcase>
</testsuite>
